<?xml version="1.0" encoding="UTF-8"?>
<!-- Generated by org.testng.reporters.JUnitXMLReporter -->
<testsuite hostname="DESKTOP-25K6MM8" ignored="1" name="Surefire test" tests="13" failures="1" timestamp="02 янв 2023 20:55:42 GMT" time="2.173" errors="0">
  <testcase name="checkIsRedirectToListing" time="1.587" classname="tests.searchappartaments.SearchApartTest">
    <failure type="org.openqa.selenium.NoSuchWindowException" message="no such window: target window already closed
from unknown error: web view not found
  (Session info: chrome=108.0.5359.125)
Build info: version: &amp;apos;3.141.59&amp;apos;, revision: &amp;apos;e82be7d358&amp;apos;, time: &amp;apos;2018-11-14T08:17:03&amp;apos;
System info: host: &amp;apos;DESKTOP-25K6MM8&amp;apos;, ip: &amp;apos;10.0.125.132&amp;apos;, os.name: &amp;apos;Windows 10&amp;apos;, os.arch: &amp;apos;amd64&amp;apos;, os.version: &amp;apos;10.0&amp;apos;, java.version: &amp;apos;1.8.0_302&amp;apos;
Driver info: org.openqa.selenium.chrome.ChromeDriver
Capabilities {acceptInsecureCerts: false, browserName: chrome, browserVersion: 108.0.5359.125, chrome: {chromedriverVersion: 108.0.5359.71 (1e0e3868ee06..., userDataDir: C:\Users\gs_va\AppData\Loca...}, goog:chromeOptions: {debuggerAddress: localhost:2101}, javascriptEnabled: true, networkConnectionEnabled: false, pageLoadStrategy: normal, platform: WINDOWS, platformName: WINDOWS, proxy: Proxy(), setWindowRect: true, strictFileInteractability: false, timeouts: {implicit: 0, pageLoad: 300000, script: 30000}, unhandledPromptBehavior: dismiss and notify, webauthn:extension:credBlob: true, webauthn:extension:largeBlob: true, webauthn:virtualAuthenticators: true}
Session ID: eaaff9e9f2f0fcb77b2a0f48075ef71a">
      <![CDATA[org.openqa.selenium.NoSuchWindowException: no such window: target window already closed
from unknown error: web view not found
  (Session info: chrome=108.0.5359.125)
Build info: version: '3.141.59', revision: 'e82be7d358', time: '2018-11-14T08:17:03'
System info: host: 'DESKTOP-25K6MM8', ip: '10.0.125.132', os.name: 'Windows 10', os.arch: 'amd64', os.version: '10.0', java.version: '1.8.0_302'
Driver info: org.openqa.selenium.chrome.ChromeDriver
Capabilities {acceptInsecureCerts: false, browserName: chrome, browserVersion: 108.0.5359.125, chrome: {chromedriverVersion: 108.0.5359.71 (1e0e3868ee06..., userDataDir: C:\Users\gs_va\AppData\Loca...}, goog:chromeOptions: {debuggerAddress: localhost:2101}, javascriptEnabled: true, networkConnectionEnabled: false, pageLoadStrategy: normal, platform: WINDOWS, platformName: WINDOWS, proxy: Proxy(), setWindowRect: true, strictFileInteractability: false, timeouts: {implicit: 0, pageLoad: 300000, script: 30000}, unhandledPromptBehavior: dismiss and notify, webauthn:extension:credBlob: true, webauthn:extension:largeBlob: true, webauthn:virtualAuthenticators: true}
Session ID: eaaff9e9f2f0fcb77b2a0f48075ef71a
	at org.openqa.selenium.remote.http.W3CHttpResponseCodec.createException(W3CHttpResponseCodec.java:187)
	at org.openqa.selenium.remote.http.W3CHttpResponseCodec.decode(W3CHttpResponseCodec.java:122)
	at org.openqa.selenium.remote.http.W3CHttpResponseCodec.decode(W3CHttpResponseCodec.java:49)
	at org.openqa.selenium.remote.HttpCommandExecutor.execute(HttpCommandExecutor.java:158)
	at org.openqa.selenium.remote.service.DriverCommandExecutor.execute(DriverCommandExecutor.java:83)
	at org.openqa.selenium.remote.RemoteWebDriver.execute(RemoteWebDriver.java:552)
	at org.openqa.selenium.remote.RemoteWebDriver.execute(RemoteWebDriver.java:609)
	at org.openqa.selenium.remote.RemoteWebDriver.getWindowHandle(RemoteWebDriver.java:472)
	at tests.basetest.BaseTest.switchWindow(BaseTest.java:58)
	at tests.searchappartaments.SearchApartTest.checkIsRedirectToListing(SearchApartTest.java:20)
... Removed 33 stack frames]]>
    </failure>
  </testcase> <!-- checkIsRedirectToListing -->
  <testcase name="testSoutConsole" time="0.003" classname="tests.searchappartaments.TestSOUT"/>
  <testcase name="testSoutConsole" time="0.001" classname="tests.searchappartaments.TestSOUT"/>
  <testcase name="testSoutConsole" time="0.001" classname="tests.searchappartaments.TestSOUT"/>
  <testcase name="testSoutConsole" time="0.001" classname="tests.searchappartaments.TestSOUT"/>
  <testcase name="testSoutConsole" time="0.001" classname="tests.searchappartaments.TestSOUT"/>
  <testcase name="testSoutConsole" time="0.002" classname="tests.searchappartaments.TestSOUT"/>
  <testcase name="testSoutConsole" time="0.002" classname="tests.searchappartaments.TestSOUT"/>
  <testcase name="testSoutConsole" time="0.002" classname="tests.searchappartaments.TestSOUT"/>
  <testcase name="testSoutConsole" time="0.001" classname="tests.searchappartaments.TestSOUT"/>
  <testcase name="testSoutConsole" time="0.002" classname="tests.searchappartaments.TestSOUT"/>
  <testcase name="testSoutConsole" time="0.001" classname="tests.searchappartaments.TestSOUT"/>
  <testcase name="testSoutConsole" time="0.002" classname="tests.searchappartaments.TestSOUT"/>
  <testcase name="@AfterSuite quite" time="0.0" classname="tests.basetest.BaseTest">
    <ignored/>
  </testcase> <!-- @AfterSuite quite -->
</testsuite> <!-- Surefire test -->
